<?xml version="1.0" encoding="UTF-8"?>
<testsuite name="com.vapasitw.RectangleTest" tests="4" skipped="0" failures="0" errors="0" timestamp="2021-11-30T16:52:30" hostname="Mousmis-MacBook-Pro.local" time="0.029">
  <properties/>
  <testcase name="shouldReturnAreaTwentyFiveIfWidthFiveAndLengthFiveOfRectangleIsPassed()" classname="com.vapasitw.RectangleTest" time="0.024"/>
  <testcase name="shouldReturnAreaHundredIfWidthTenAndLengthTenOfRectangleIsPassed()" classname="com.vapasitw.RectangleTest" time="0.001"/>
  <testcase name="shouldReturnPerimeterFortyIfWidthTenAndLengthTenOfRectangleIsPassed()" classname="com.vapasitw.RectangleTest" time="0.001"/>
  <testcase name="shouldReturnPerimeterFourIfWidthOneAndLengthOneOfRectangleIsPassed()" classname="com.vapasitw.RectangleTest" time="0.001"/>
  <system-out><![CDATA[]]></system-out>
  <system-err><![CDATA[]]></system-err>
</testsuite>
